The system is: Linux - 4.18.0-477.13.1.el8_8.x86_64 - x86_64
Compiling the CXX compiler identification source file "CMakeCXXCompilerId.cpp" succeeded.
Compiler: /usr/local/gcc-12.3/bin/g++ 
Build flags: 
Id flags:  

The output was:
0


Compilation of the CXX compiler identification source "CMakeCXXCompilerId.cpp" produced "a.out"

The CXX compiler identification is GNU, found in "/home/raop0002/BarrierSquareWell/build/CMakeFiles/3.20.2/CompilerIdCXX/a.out"

Detecting CXX compiler ABI info compiled with the following output:
Change Dir: /home/raop0002/BarrierSquareWell/build/CMakeFiles/CMakeTmp

Run Build Command(s):/usr/bin/gmake -f Makefile cmTC_2de7b/fast && /usr/bin/gmake  -f CMakeFiles/cmTC_2de7b.dir/build.make CMakeFiles/cmTC_2de7b.dir/build
gmake[1]: Entering directory '/home/raop0002/BarrierSquareWell/build/CMakeFiles/CMakeTmp'
Building CXX object CMakeFiles/cmTC_2de7b.dir/CMakeCXXCompilerABI.cpp.o
/usr/local/gcc-12.3/bin/g++   -v -o CMakeFiles/cmTC_2de7b.dir/CMakeCXXCompilerABI.cpp.o -c /usr/share/cmake/Modules/CMakeCXXCompilerABI.cpp
Using built-in specs.
COLLECT_GCC=/usr/local/gcc-12.3/bin/g++
OFFLOAD_TARGET_NAMES=nvptx-none
Target: x86_64-redhat-linux
Configured with: ../configure --enable-bootstrap --enable-languages=c,c++,fortran,lto --prefix=/usr/local/gcc-12.3 --mandir=/usr/local/gcc-12.3/share/man --infodir=/usr/local/gcc-12.3/share/info --enable-shared --enable-threads=posix --enable-checking=release --enable-multilib --with-system-zlib --enable-__cxa_atexit --disable-libunwind-exceptions --enable-gnu-unique-object --enable-linker-build-id --with-gcc-major-version-only --with-linker-hash-style=gnu --enable-plugin --enable-initfini-array --with-isl --disable-libmpx --enable-offload-targets=nvptx-none --without-cuda-driver --enable-gnu-indirect-function --enable-cet --with-tune=generic --with-arch_32=x86-64 --build=x86_64-redhat-linux
Thread model: posix
Supported LTO compression algorithms: zlib
gcc version 12.3.0 (GCC) 
COLLECT_GCC_OPTIONS='-v' '-o' 'CMakeFiles/cmTC_2de7b.dir/CMakeCXXCompilerABI.cpp.o' '-c' '-shared-libgcc' '-mtune=generic' '-march=x86-64' '-dumpdir' 'CMakeFiles/cmTC_2de7b.dir/'
 /usr/local/gcc-12.3/libexec/gcc/x86_64-redhat-linux/12/cc1plus -quiet -v -D_GNU_SOURCE /usr/share/cmake/Modules/CMakeCXXCompilerABI.cpp -quiet -dumpdir CMakeFiles/cmTC_2de7b.dir/ -dumpbase CMakeCXXCompilerABI.cpp.cpp -dumpbase-ext .cpp -mtune=generic -march=x86-64 -version -o /tmp/ccwIjR8H.s
GNU C++17 (GCC) version 12.3.0 (x86_64-redhat-linux)
	compiled by GNU C version 12.3.0, GMP version 6.1.2, MPFR version 3.1.6-p2, MPC version 1.1.0, isl version isl-0.16.1-GMP

GGC heuristics: --param ggc-min-expand=100 --param ggc-min-heapsize=131072
ignoring duplicate directory "/usr/local/gcc-12.3/include"
ignoring nonexistent directory "/usr/local/gcc-12.3/lib/gcc/x86_64-redhat-linux/12/../../../../x86_64-redhat-linux/include"
#include "..." search starts here:
#include <...> search starts here:
 /usr/local/python/3.11.5/include
 /usr/local/gdb-14.2/include
 /usr/local/gcc-12.3/include
 /usr/local/gcc-12.3/lib/gcc/x86_64-redhat-linux/12/../../../../include/c++/12
 /usr/local/gcc-12.3/lib/gcc/x86_64-redhat-linux/12/../../../../include/c++/12/x86_64-redhat-linux
 /usr/local/gcc-12.3/lib/gcc/x86_64-redhat-linux/12/../../../../include/c++/12/backward
 /usr/local/gcc-12.3/lib/gcc/x86_64-redhat-linux/12/include
 /usr/local/include
 /usr/local/gcc-12.3/lib/gcc/x86_64-redhat-linux/12/include-fixed
 /usr/include
End of search list.
GNU C++17 (GCC) version 12.3.0 (x86_64-redhat-linux)
	compiled by GNU C version 12.3.0, GMP version 6.1.2, MPFR version 3.1.6-p2, MPC version 1.1.0, isl version isl-0.16.1-GMP

GGC heuristics: --param ggc-min-expand=100 --param ggc-min-heapsize=131072
Compiler executable checksum: c4fb23311c22047ccabad03fbebeae75
COLLECT_GCC_OPTIONS='-v' '-o' 'CMakeFiles/cmTC_2de7b.dir/CMakeCXXCompilerABI.cpp.o' '-c' '-shared-libgcc' '-mtune=generic' '-march=x86-64' '-dumpdir' 'CMakeFiles/cmTC_2de7b.dir/'
 as -v --64 -o CMakeFiles/cmTC_2de7b.dir/CMakeCXXCompilerABI.cpp.o /tmp/ccwIjR8H.s
GNU assembler version 2.30 (x86_64-redhat-linux) using BFD version version 2.30-123.el8
COMPILER_PATH=/usr/local/gcc-12.3/libexec/gcc/x86_64-redhat-linux/12/:/usr/local/gcc-12.3/libexec/gcc/x86_64-redhat-linux/12/:/usr/local/gcc-12.3/libexec/gcc/x86_64-redhat-linux/:/usr/local/gcc-12.3/lib/gcc/x86_64-redhat-linux/12/:/usr/local/gcc-12.3/lib/gcc/x86_64-redhat-linux/
LIBRARY_PATH=/usr/local/gcc-12.3/lib/gcc/x86_64-redhat-linux/12/:/usr/local/gcc-12.3/lib/gcc/x86_64-redhat-linux/12/../../../../lib64/:/lib/../lib64/:/usr/lib/../lib64/:/usr/local/gcc-12.3/lib/gcc/x86_64-redhat-linux/12/../../../:/lib/:/usr/lib/
COLLECT_GCC_OPTIONS='-v' '-o' 'CMakeFiles/cmTC_2de7b.dir/CMakeCXXCompilerABI.cpp.o' '-c' '-shared-libgcc' '-mtune=generic' '-march=x86-64' '-dumpdir' 'CMakeFiles/cmTC_2de7b.dir/CMakeCXXCompilerABI.cpp.'
Linking CXX executable cmTC_2de7b
/usr/bin/cmake -E cmake_link_script CMakeFiles/cmTC_2de7b.dir/link.txt --verbose=1
/usr/local/gcc-12.3/bin/g++  -v CMakeFiles/cmTC_2de7b.dir/CMakeCXXCompilerABI.cpp.o -o cmTC_2de7b 
Using built-in specs.
COLLECT_GCC=/usr/local/gcc-12.3/bin/g++
COLLECT_LTO_WRAPPER=/usr/local/gcc-12.3/libexec/gcc/x86_64-redhat-linux/12/lto-wrapper
OFFLOAD_TARGET_NAMES=nvptx-none
Target: x86_64-redhat-linux
Configured with: ../configure --enable-bootstrap --enable-languages=c,c++,fortran,lto --prefix=/usr/local/gcc-12.3 --mandir=/usr/local/gcc-12.3/share/man --infodir=/usr/local/gcc-12.3/share/info --enable-shared --enable-threads=posix --enable-checking=release --enable-multilib --with-system-zlib --enable-__cxa_atexit --disable-libunwind-exceptions --enable-gnu-unique-object --enable-linker-build-id --with-gcc-major-version-only --with-linker-hash-style=gnu --enable-plugin --enable-initfini-array --with-isl --disable-libmpx --enable-offload-targets=nvptx-none --without-cuda-driver --enable-gnu-indirect-function --enable-cet --with-tune=generic --with-arch_32=x86-64 --build=x86_64-redhat-linux
Thread model: posix
Supported LTO compression algorithms: zlib
gcc version 12.3.0 (GCC) 
COMPILER_PATH=/usr/local/gcc-12.3/libexec/gcc/x86_64-redhat-linux/12/:/usr/local/gcc-12.3/libexec/gcc/x86_64-redhat-linux/12/:/usr/local/gcc-12.3/libexec/gcc/x86_64-redhat-linux/:/usr/local/gcc-12.3/lib/gcc/x86_64-redhat-linux/12/:/usr/local/gcc-12.3/lib/gcc/x86_64-redhat-linux/
LIBRARY_PATH=/usr/local/gcc-12.3/lib/gcc/x86_64-redhat-linux/12/:/usr/local/gcc-12.3/lib/gcc/x86_64-redhat-linux/12/../../../../lib64/:/lib/../lib64/:/usr/lib/../lib64/:/usr/local/gcc-12.3/lib/gcc/x86_64-redhat-linux/12/../../../:/lib/:/usr/lib/
COLLECT_GCC_OPTIONS='-v' '-o' 'cmTC_2de7b' '-shared-libgcc' '-mtune=generic' '-march=x86-64' '-dumpdir' 'cmTC_2de7b.'
 /usr/local/gcc-12.3/libexec/gcc/x86_64-redhat-linux/12/collect2 -plugin /usr/local/gcc-12.3/libexec/gcc/x86_64-redhat-linux/12/liblto_plugin.so -plugin-opt=/usr/local/gcc-12.3/libexec/gcc/x86_64-redhat-linux/12/lto-wrapper -plugin-opt=-fresolution=/tmp/ccACgMWP.res -plugin-opt=-pass-through=-lgcc_s -plugin-opt=-pass-through=-lgcc -plugin-opt=-pass-through=-lc -plugin-opt=-pass-through=-lgcc_s -plugin-opt=-pass-through=-lgcc --build-id --eh-frame-hdr --hash-style=gnu -m elf_x86_64 -dynamic-linker /lib64/ld-linux-x86-64.so.2 -o cmTC_2de7b /lib/../lib64/crt1.o /lib/../lib64/crti.o /usr/local/gcc-12.3/lib/gcc/x86_64-redhat-linux/12/crtbegin.o -L/usr/local/gcc-12.3/lib/gcc/x86_64-redhat-linux/12 -L/usr/local/gcc-12.3/lib/gcc/x86_64-redhat-linux/12/../../../../lib64 -L/lib/../lib64 -L/usr/lib/../lib64 -L/usr/local/gcc-12.3/lib/gcc/x86_64-redhat-linux/12/../../.. CMakeFiles/cmTC_2de7b.dir/CMakeCXXCompilerABI.cpp.o -lstdc++ -lm -lgcc_s -lgcc -lc -lgcc_s -lgcc /usr/local/gcc-12.3/lib/gcc/x86_64-redhat-linux/12/crtend.o /lib/../lib64/crtn.o
COLLECT_GCC_OPTIONS='-v' '-o' 'cmTC_2de7b' '-shared-libgcc' '-mtune=generic' '-march=x86-64' '-dumpdir' 'cmTC_2de7b.'
gmake[1]: Leaving directory '/home/raop0002/BarrierSquareWell/build/CMakeFiles/CMakeTmp'



Parsed CXX implicit include dir info from above output: rv=done
  found start of include info
  found start of implicit include info
    add: [/usr/local/python/3.11.5/include]
    add: [/usr/local/gdb-14.2/include]
    add: [/usr/local/gcc-12.3/include]
    add: [/usr/local/gcc-12.3/lib/gcc/x86_64-redhat-linux/12/../../../../include/c++/12]
    add: [/usr/local/gcc-12.3/lib/gcc/x86_64-redhat-linux/12/../../../../include/c++/12/x86_64-redhat-linux]
    add: [/usr/local/gcc-12.3/lib/gcc/x86_64-redhat-linux/12/../../../../include/c++/12/backward]
    add: [/usr/local/gcc-12.3/lib/gcc/x86_64-redhat-linux/12/include]
    add: [/usr/local/include]
    add: [/usr/local/gcc-12.3/lib/gcc/x86_64-redhat-linux/12/include-fixed]
    add: [/usr/include]
  end of search list found
  collapse include dir [/usr/local/python/3.11.5/include] ==> [/usr/local/python/3.11.5/include]
  collapse include dir [/usr/local/gdb-14.2/include] ==> [/usr/local/gdb-14.2/include]
  collapse include dir [/usr/local/gcc-12.3/include] ==> [/usr/local/gcc-12.3/include]
  collapse include dir [/usr/local/gcc-12.3/lib/gcc/x86_64-redhat-linux/12/../../../../include/c++/12] ==> [/usr/local/gcc-12.3/include/c++/12]
  collapse include dir [/usr/local/gcc-12.3/lib/gcc/x86_64-redhat-linux/12/../../../../include/c++/12/x86_64-redhat-linux] ==> [/usr/local/gcc-12.3/include/c++/12/x86_64-redhat-linux]
  collapse include dir [/usr/local/gcc-12.3/lib/gcc/x86_64-redhat-linux/12/../../../../include/c++/12/backward] ==> [/usr/local/gcc-12.3/include/c++/12/backward]
  collapse include dir [/usr/local/gcc-12.3/lib/gcc/x86_64-redhat-linux/12/include] ==> [/usr/local/gcc-12.3/lib/gcc/x86_64-redhat-linux/12/include]
  collapse include dir [/usr/local/include] ==> [/usr/local/include]
  collapse include dir [/usr/local/gcc-12.3/lib/gcc/x86_64-redhat-linux/12/include-fixed] ==> [/usr/local/gcc-12.3/lib/gcc/x86_64-redhat-linux/12/include-fixed]
  collapse include dir [/usr/include] ==> [/usr/include]
  implicit include dirs: [/usr/local/python/3.11.5/include;/usr/local/gdb-14.2/include;/usr/local/gcc-12.3/include;/usr/local/gcc-12.3/include/c++/12;/usr/local/gcc-12.3/include/c++/12/x86_64-redhat-linux;/usr/local/gcc-12.3/include/c++/12/backward;/usr/local/gcc-12.3/lib/gcc/x86_64-redhat-linux/12/include;/usr/local/include;/usr/local/gcc-12.3/lib/gcc/x86_64-redhat-linux/12/include-fixed;/usr/include]


Parsed CXX implicit link information from above output:
  link line regex: [^( *|.*[/\])(ld|CMAKE_LINK_STARTFILE-NOTFOUND|([^/\]+-)?ld|collect2)[^/\]*( |$)]
  ignore line: [Change Dir: /home/raop0002/BarrierSquareWell/build/CMakeFiles/CMakeTmp]
  ignore line: []
  ignore line: [Run Build Command(s):/usr/bin/gmake -f Makefile cmTC_2de7b/fast && /usr/bin/gmake  -f CMakeFiles/cmTC_2de7b.dir/build.make CMakeFiles/cmTC_2de7b.dir/build]
  ignore line: [gmake[1]: Entering directory '/home/raop0002/BarrierSquareWell/build/CMakeFiles/CMakeTmp']
  ignore line: [Building CXX object CMakeFiles/cmTC_2de7b.dir/CMakeCXXCompilerABI.cpp.o]
  ignore line: [/usr/local/gcc-12.3/bin/g++   -v -o CMakeFiles/cmTC_2de7b.dir/CMakeCXXCompilerABI.cpp.o -c /usr/share/cmake/Modules/CMakeCXXCompilerABI.cpp]
  ignore line: [Using built-in specs.]
  ignore line: [COLLECT_GCC=/usr/local/gcc-12.3/bin/g++]
  ignore line: [OFFLOAD_TARGET_NAMES=nvptx-none]
  ignore line: [Target: x86_64-redhat-linux]
  ignore line: [Configured with: ../configure --enable-bootstrap --enable-languages=c c++ fortran lto --prefix=/usr/local/gcc-12.3 --mandir=/usr/local/gcc-12.3/share/man --infodir=/usr/local/gcc-12.3/share/info --enable-shared --enable-threads=posix --enable-checking=release --enable-multilib --with-system-zlib --enable-__cxa_atexit --disable-libunwind-exceptions --enable-gnu-unique-object --enable-linker-build-id --with-gcc-major-version-only --with-linker-hash-style=gnu --enable-plugin --enable-initfini-array --with-isl --disable-libmpx --enable-offload-targets=nvptx-none --without-cuda-driver --enable-gnu-indirect-function --enable-cet --with-tune=generic --with-arch_32=x86-64 --build=x86_64-redhat-linux]
  ignore line: [Thread model: posix]
  ignore line: [Supported LTO compression algorithms: zlib]
  ignore line: [gcc version 12.3.0 (GCC) ]
  ignore line: [COLLECT_GCC_OPTIONS='-v' '-o' 'CMakeFiles/cmTC_2de7b.dir/CMakeCXXCompilerABI.cpp.o' '-c' '-shared-libgcc' '-mtune=generic' '-march=x86-64' '-dumpdir' 'CMakeFiles/cmTC_2de7b.dir/']
  ignore line: [ /usr/local/gcc-12.3/libexec/gcc/x86_64-redhat-linux/12/cc1plus -quiet -v -D_GNU_SOURCE /usr/share/cmake/Modules/CMakeCXXCompilerABI.cpp -quiet -dumpdir CMakeFiles/cmTC_2de7b.dir/ -dumpbase CMakeCXXCompilerABI.cpp.cpp -dumpbase-ext .cpp -mtune=generic -march=x86-64 -version -o /tmp/ccwIjR8H.s]
  ignore line: [GNU C++17 (GCC) version 12.3.0 (x86_64-redhat-linux)]
  ignore line: [	compiled by GNU C version 12.3.0  GMP version 6.1.2  MPFR version 3.1.6-p2  MPC version 1.1.0  isl version isl-0.16.1-GMP]
  ignore line: []
  ignore line: [GGC heuristics: --param ggc-min-expand=100 --param ggc-min-heapsize=131072]
  ignore line: [ignoring duplicate directory "/usr/local/gcc-12.3/include"]
  ignore line: [ignoring nonexistent directory "/usr/local/gcc-12.3/lib/gcc/x86_64-redhat-linux/12/../../../../x86_64-redhat-linux/include"]
  ignore line: [#include "..." search starts here:]
  ignore line: [#include <...> search starts here:]
  ignore line: [ /usr/local/python/3.11.5/include]
  ignore line: [ /usr/local/gdb-14.2/include]
  ignore line: [ /usr/local/gcc-12.3/include]
  ignore line: [ /usr/local/gcc-12.3/lib/gcc/x86_64-redhat-linux/12/../../../../include/c++/12]
  ignore line: [ /usr/local/gcc-12.3/lib/gcc/x86_64-redhat-linux/12/../../../../include/c++/12/x86_64-redhat-linux]
  ignore line: [ /usr/local/gcc-12.3/lib/gcc/x86_64-redhat-linux/12/../../../../include/c++/12/backward]
  ignore line: [ /usr/local/gcc-12.3/lib/gcc/x86_64-redhat-linux/12/include]
  ignore line: [ /usr/local/include]
  ignore line: [ /usr/local/gcc-12.3/lib/gcc/x86_64-redhat-linux/12/include-fixed]
  ignore line: [ /usr/include]
  ignore line: [End of search list.]
  ignore line: [GNU C++17 (GCC) version 12.3.0 (x86_64-redhat-linux)]
  ignore line: [	compiled by GNU C version 12.3.0  GMP version 6.1.2  MPFR version 3.1.6-p2  MPC version 1.1.0  isl version isl-0.16.1-GMP]
  ignore line: []
  ignore line: [GGC heuristics: --param ggc-min-expand=100 --param ggc-min-heapsize=131072]
  ignore line: [Compiler executable checksum: c4fb23311c22047ccabad03fbebeae75]
  ignore line: [COLLECT_GCC_OPTIONS='-v' '-o' 'CMakeFiles/cmTC_2de7b.dir/CMakeCXXCompilerABI.cpp.o' '-c' '-shared-libgcc' '-mtune=generic' '-march=x86-64' '-dumpdir' 'CMakeFiles/cmTC_2de7b.dir/']
  ignore line: [ as -v --64 -o CMakeFiles/cmTC_2de7b.dir/CMakeCXXCompilerABI.cpp.o /tmp/ccwIjR8H.s]
  ignore line: [GNU assembler version 2.30 (x86_64-redhat-linux) using BFD version version 2.30-123.el8]
  ignore line: [COMPILER_PATH=/usr/local/gcc-12.3/libexec/gcc/x86_64-redhat-linux/12/:/usr/local/gcc-12.3/libexec/gcc/x86_64-redhat-linux/12/:/usr/local/gcc-12.3/libexec/gcc/x86_64-redhat-linux/:/usr/local/gcc-12.3/lib/gcc/x86_64-redhat-linux/12/:/usr/local/gcc-12.3/lib/gcc/x86_64-redhat-linux/]
  ignore line: [LIBRARY_PATH=/usr/local/gcc-12.3/lib/gcc/x86_64-redhat-linux/12/:/usr/local/gcc-12.3/lib/gcc/x86_64-redhat-linux/12/../../../../lib64/:/lib/../lib64/:/usr/lib/../lib64/:/usr/local/gcc-12.3/lib/gcc/x86_64-redhat-linux/12/../../../:/lib/:/usr/lib/]
  ignore line: [COLLECT_GCC_OPTIONS='-v' '-o' 'CMakeFiles/cmTC_2de7b.dir/CMakeCXXCompilerABI.cpp.o' '-c' '-shared-libgcc' '-mtune=generic' '-march=x86-64' '-dumpdir' 'CMakeFiles/cmTC_2de7b.dir/CMakeCXXCompilerABI.cpp.']
  ignore line: [Linking CXX executable cmTC_2de7b]
  ignore line: [/usr/bin/cmake -E cmake_link_script CMakeFiles/cmTC_2de7b.dir/link.txt --verbose=1]
  ignore line: [/usr/local/gcc-12.3/bin/g++  -v CMakeFiles/cmTC_2de7b.dir/CMakeCXXCompilerABI.cpp.o -o cmTC_2de7b ]
  ignore line: [Using built-in specs.]
  ignore line: [COLLECT_GCC=/usr/local/gcc-12.3/bin/g++]
  ignore line: [COLLECT_LTO_WRAPPER=/usr/local/gcc-12.3/libexec/gcc/x86_64-redhat-linux/12/lto-wrapper]
  ignore line: [OFFLOAD_TARGET_NAMES=nvptx-none]
  ignore line: [Target: x86_64-redhat-linux]
  ignore line: [Configured with: ../configure --enable-bootstrap --enable-languages=c c++ fortran lto --prefix=/usr/local/gcc-12.3 --mandir=/usr/local/gcc-12.3/share/man --infodir=/usr/local/gcc-12.3/share/info --enable-shared --enable-threads=posix --enable-checking=release --enable-multilib --with-system-zlib --enable-__cxa_atexit --disable-libunwind-exceptions --enable-gnu-unique-object --enable-linker-build-id --with-gcc-major-version-only --with-linker-hash-style=gnu --enable-plugin --enable-initfini-array --with-isl --disable-libmpx --enable-offload-targets=nvptx-none --without-cuda-driver --enable-gnu-indirect-function --enable-cet --with-tune=generic --with-arch_32=x86-64 --build=x86_64-redhat-linux]
  ignore line: [Thread model: posix]
  ignore line: [Supported LTO compression algorithms: zlib]
  ignore line: [gcc version 12.3.0 (GCC) ]
  ignore line: [COMPILER_PATH=/usr/local/gcc-12.3/libexec/gcc/x86_64-redhat-linux/12/:/usr/local/gcc-12.3/libexec/gcc/x86_64-redhat-linux/12/:/usr/local/gcc-12.3/libexec/gcc/x86_64-redhat-linux/:/usr/local/gcc-12.3/lib/gcc/x86_64-redhat-linux/12/:/usr/local/gcc-12.3/lib/gcc/x86_64-redhat-linux/]
  ignore line: [LIBRARY_PATH=/usr/local/gcc-12.3/lib/gcc/x86_64-redhat-linux/12/:/usr/local/gcc-12.3/lib/gcc/x86_64-redhat-linux/12/../../../../lib64/:/lib/../lib64/:/usr/lib/../lib64/:/usr/local/gcc-12.3/lib/gcc/x86_64-redhat-linux/12/../../../:/lib/:/usr/lib/]
  ignore line: [COLLECT_GCC_OPTIONS='-v' '-o' 'cmTC_2de7b' '-shared-libgcc' '-mtune=generic' '-march=x86-64' '-dumpdir' 'cmTC_2de7b.']
  link line: [ /usr/local/gcc-12.3/libexec/gcc/x86_64-redhat-linux/12/collect2 -plugin /usr/local/gcc-12.3/libexec/gcc/x86_64-redhat-linux/12/liblto_plugin.so -plugin-opt=/usr/local/gcc-12.3/libexec/gcc/x86_64-redhat-linux/12/lto-wrapper -plugin-opt=-fresolution=/tmp/ccACgMWP.res -plugin-opt=-pass-through=-lgcc_s -plugin-opt=-pass-through=-lgcc -plugin-opt=-pass-through=-lc -plugin-opt=-pass-through=-lgcc_s -plugin-opt=-pass-through=-lgcc --build-id --eh-frame-hdr --hash-style=gnu -m elf_x86_64 -dynamic-linker /lib64/ld-linux-x86-64.so.2 -o cmTC_2de7b /lib/../lib64/crt1.o /lib/../lib64/crti.o /usr/local/gcc-12.3/lib/gcc/x86_64-redhat-linux/12/crtbegin.o -L/usr/local/gcc-12.3/lib/gcc/x86_64-redhat-linux/12 -L/usr/local/gcc-12.3/lib/gcc/x86_64-redhat-linux/12/../../../../lib64 -L/lib/../lib64 -L/usr/lib/../lib64 -L/usr/local/gcc-12.3/lib/gcc/x86_64-redhat-linux/12/../../.. CMakeFiles/cmTC_2de7b.dir/CMakeCXXCompilerABI.cpp.o -lstdc++ -lm -lgcc_s -lgcc -lc -lgcc_s -lgcc /usr/local/gcc-12.3/lib/gcc/x86_64-redhat-linux/12/crtend.o /lib/../lib64/crtn.o]
    arg [/usr/local/gcc-12.3/libexec/gcc/x86_64-redhat-linux/12/collect2] ==> ignore
    arg [-plugin] ==> ignore
    arg [/usr/local/gcc-12.3/libexec/gcc/x86_64-redhat-linux/12/liblto_plugin.so] ==> ignore
    arg [-plugin-opt=/usr/local/gcc-12.3/libexec/gcc/x86_64-redhat-linux/12/lto-wrapper] ==> ignore
    arg [-plugin-opt=-fresolution=/tmp/ccACgMWP.res] ==> ignore
    arg [-plugin-opt=-pass-through=-lgcc_s] ==> ignore
    arg [-plugin-opt=-pass-through=-lgcc] ==> ignore
    arg [-plugin-opt=-pass-through=-lc] ==> ignore
    arg [-plugin-opt=-pass-through=-lgcc_s] ==> ignore
    arg [-plugin-opt=-pass-through=-lgcc] ==> ignore
    arg [--build-id] ==> ignore
    arg [--eh-frame-hdr] ==> ignore
    arg [--hash-style=gnu] ==> ignore
    arg [-m] ==> ignore
    arg [elf_x86_64] ==> ignore
    arg [-dynamic-linker] ==> ignore
    arg [/lib64/ld-linux-x86-64.so.2] ==> ignore
    arg [-o] ==> ignore
    arg [cmTC_2de7b] ==> ignore
    arg [/lib/../lib64/crt1.o] ==> obj [/lib/../lib64/crt1.o]
    arg [/lib/../lib64/crti.o] ==> obj [/lib/../lib64/crti.o]
    arg [/usr/local/gcc-12.3/lib/gcc/x86_64-redhat-linux/12/crtbegin.o] ==> obj [/usr/local/gcc-12.3/lib/gcc/x86_64-redhat-linux/12/crtbegin.o]
    arg [-L/usr/local/gcc-12.3/lib/gcc/x86_64-redhat-linux/12] ==> dir [/usr/local/gcc-12.3/lib/gcc/x86_64-redhat-linux/12]
    arg [-L/usr/local/gcc-12.3/lib/gcc/x86_64-redhat-linux/12/../../../../lib64] ==> dir [/usr/local/gcc-12.3/lib/gcc/x86_64-redhat-linux/12/../../../../lib64]
    arg [-L/lib/../lib64] ==> dir [/lib/../lib64]
    arg [-L/usr/lib/../lib64] ==> dir [/usr/lib/../lib64]
    arg [-L/usr/local/gcc-12.3/lib/gcc/x86_64-redhat-linux/12/../../..] ==> dir [/usr/local/gcc-12.3/lib/gcc/x86_64-redhat-linux/12/../../..]
    arg [CMakeFiles/cmTC_2de7b.dir/CMakeCXXCompilerABI.cpp.o] ==> ignore
    arg [-lstdc++] ==> lib [stdc++]
    arg [-lm] ==> lib [m]
    arg [-lgcc_s] ==> lib [gcc_s]
    arg [-lgcc] ==> lib [gcc]
    arg [-lc] ==> lib [c]
    arg [-lgcc_s] ==> lib [gcc_s]
    arg [-lgcc] ==> lib [gcc]
    arg [/usr/local/gcc-12.3/lib/gcc/x86_64-redhat-linux/12/crtend.o] ==> obj [/usr/local/gcc-12.3/lib/gcc/x86_64-redhat-linux/12/crtend.o]
    arg [/lib/../lib64/crtn.o] ==> obj [/lib/../lib64/crtn.o]
  collapse obj [/lib/../lib64/crt1.o] ==> [/lib64/crt1.o]
  collapse obj [/lib/../lib64/crti.o] ==> [/lib64/crti.o]
  collapse obj [/lib/../lib64/crtn.o] ==> [/lib64/crtn.o]
  collapse library dir [/usr/local/gcc-12.3/lib/gcc/x86_64-redhat-linux/12] ==> [/usr/local/gcc-12.3/lib/gcc/x86_64-redhat-linux/12]
  collapse library dir [/usr/local/gcc-12.3/lib/gcc/x86_64-redhat-linux/12/../../../../lib64] ==> [/usr/local/gcc-12.3/lib64]
  collapse library dir [/lib/../lib64] ==> [/lib64]
  collapse library dir [/usr/lib/../lib64] ==> [/usr/lib64]
  collapse library dir [/usr/local/gcc-12.3/lib/gcc/x86_64-redhat-linux/12/../../..] ==> [/usr/local/gcc-12.3/lib]
  implicit libs: [stdc++;m;gcc_s;gcc;c;gcc_s;gcc]
  implicit objs: [/lib64/crt1.o;/lib64/crti.o;/usr/local/gcc-12.3/lib/gcc/x86_64-redhat-linux/12/crtbegin.o;/usr/local/gcc-12.3/lib/gcc/x86_64-redhat-linux/12/crtend.o;/lib64/crtn.o]
  implicit dirs: [/usr/local/gcc-12.3/lib/gcc/x86_64-redhat-linux/12;/usr/local/gcc-12.3/lib64;/lib64;/usr/lib64;/usr/local/gcc-12.3/lib]
  implicit fwks: []


